<?xml version="1.0" encoding="UTF-8"?>
<!-- Generated by org.testng.reporters.JUnitReportReporter -->
<testsuite hostname="BOOK-DA60ANED4E" failures="0" tests="3" name="com.tutorialsninja.qa.TestCase.NavigateToWebsiteConfirm_Test" time="30.378" errors="0" timestamp="2023-12-24T19:49:54 CST" skipped="0">
  <testcase classname="com.tutorialsninja.qa.TestCase.NavigateToWebsiteConfirm_Test" name="navigateToWebsiteConfirm" time="5.831"/>
  <system-out/>
  <testcase classname="com.tutorialsninja.qa.TestCase.NavigateToWebsiteConfirm_Test" name="newPageValidatio" time="6.036"/>
  <system-out/>
  <testcase classname="com.tutorialsninja.qa.TestCase.NavigateToWebsiteConfirm_Test" name="navigateNewPageAndVerifyElements" time="18.511"/>
  <system-out/>
</testsuite> <!-- com.tutorialsninja.qa.TestCase.NavigateToWebsiteConfirm_Test -->
